<?xml version="1.0" encoding="UTF-8"?>
<coverage generated="1764410258066" clover="3.2.0">
  <project timestamp="1764410258067" name="All files">
    <metrics statements="48" coveredstatements="44" conditionals="35" coveredconditionals="27" methods="10" coveredmethods="10" elements="93" coveredelements="81" complexity="0" loc="48" ncloc="48" packages="2" files="6" classes="6"/>
    <package name="src">
      <metrics statements="23" coveredstatements="21" conditionals="19" coveredconditionals="16" methods="4" coveredmethods="4"/>
      <file name="diff.js" path="/home/aleksey/Документы/Hexlet/qa-auto-engineer-javascript-project-87/src/diff.js">
        <metrics statements="9" coveredstatements="9" conditionals="6" coveredconditionals="6" methods="2" coveredmethods="2"/>
        <line num="1" count="1" type="stmt"/>
        <line num="2" count="6" type="stmt"/>
        <line num="4" count="6" type="stmt"/>
        <line num="5" count="28" type="cond" truecount="2" falsecount="0"/>
        <line num="6" count="24" type="cond" truecount="2" falsecount="0"/>
        <line num="7" count="16" type="cond" truecount="2" falsecount="0"/>
        <line num="8" count="4" type="stmt"/>
        <line num="10" count="12" type="stmt"/>
        <line num="13" count="6" type="stmt"/>
      </file>
      <file name="index.js" path="/home/aleksey/Документы/Hexlet/qa-auto-engineer-javascript-project-87/src/index.js">
        <metrics statements="8" coveredstatements="7" conditionals="7" coveredconditionals="6" methods="1" coveredmethods="1"/>
        <line num="7" count="1" type="cond" truecount="1" falsecount="0"/>
        <line num="8" count="6" type="stmt"/>
        <line num="9" count="6" type="stmt"/>
        <line num="10" count="6" type="stmt"/>
        <line num="12" count="6" type="cond" truecount="2" falsecount="0"/>
        <line num="13" count="2" type="cond" truecount="2" falsecount="0"/>
        <line num="14" count="1" type="cond" truecount="1" falsecount="1"/>
        <line num="16" count="0" type="stmt"/>
      </file>
      <file name="parser.js" path="/home/aleksey/Документы/Hexlet/qa-auto-engineer-javascript-project-87/src/parser.js">
        <metrics statements="6" coveredstatements="5" conditionals="6" coveredconditionals="4" methods="1" coveredmethods="1"/>
        <line num="5" count="1" type="stmt"/>
        <line num="6" count="12" type="stmt"/>
        <line num="7" count="12" type="stmt"/>
        <line num="9" count="12" type="cond" truecount="2" falsecount="0"/>
        <line num="10" count="6" type="cond" truecount="2" falsecount="2"/>
        <line num="12" count="0" type="stmt"/>
      </file>
    </package>
    <package name="src.formatters">
      <metrics statements="25" coveredstatements="23" conditionals="16" coveredconditionals="11" methods="6" coveredmethods="6"/>
      <file name="json.js" path="/home/aleksey/Документы/Hexlet/qa-auto-engineer-javascript-project-87/src/formatters/json.js">
        <metrics statements="1" coveredstatements="1" conditionals="0" coveredconditionals="0" methods="1" coveredmethods="1"/>
        <line num="1" count="1" type="stmt"/>
      </file>
      <file name="plain.js" path="/home/aleksey/Документы/Hexlet/qa-auto-engineer-javascript-project-87/src/formatters/plain.js">
        <metrics statements="15" coveredstatements="14" conditionals="11" coveredconditionals="7" methods="3" coveredmethods="3"/>
        <line num="1" count="1" type="stmt"/>
        <line num="2" count="3" type="cond" truecount="1" falsecount="1"/>
        <line num="3" count="3" type="cond" truecount="1" falsecount="1"/>
        <line num="4" count="3" type="cond" truecount="1" falsecount="1"/>
        <line num="5" count="3" type="stmt"/>
        <line num="8" count="1" type="stmt"/>
        <line num="9" count="1" type="stmt"/>
        <line num="10" count="5" type="stmt"/>
        <line num="11" count="5" type="cond" truecount="4" falsecount="1"/>
        <line num="13" count="1" type="stmt"/>
        <line num="15" count="2" type="stmt"/>
        <line num="17" count="1" type="stmt"/>
        <line num="19" count="1" type="stmt"/>
        <line num="21" count="0" type="stmt"/>
        <line num="25" count="1" type="stmt"/>
      </file>
      <file name="stylish.js" path="/home/aleksey/Документы/Hexlet/qa-auto-engineer-javascript-project-87/src/formatters/stylish.js">
        <metrics statements="9" coveredstatements="8" conditionals="5" coveredconditionals="4" methods="2" coveredmethods="2"/>
        <line num="1" count="1" type="stmt"/>
        <line num="2" count="4" type="stmt"/>
        <line num="3" count="18" type="cond" truecount="4" falsecount="1"/>
        <line num="4" count="2" type="stmt"/>
        <line num="5" count="4" type="stmt"/>
        <line num="6" count="10" type="stmt"/>
        <line num="8" count="2" type="stmt"/>
        <line num="9" count="0" type="stmt"/>
        <line num="12" count="4" type="stmt"/>
      </file>
    </package>
  </project>
</coverage>
