{"/home/aleksey/Документы/Hexlet/qa-auto-engineer-javascript-project-87/src/diff.js": {"path":"/home/aleksey/Документы/Hexlet/qa-auto-engineer-javascript-project-87/src/diff.js","statementMap":{"0":{"start":{"line":1,"column":18},"end":{"line":14,"column":1}},"1":{"start":{"line":2,"column":15},"end":{"line":2,"column":87}},"2":{"start":{"line":4,"column":19},"end":{"line":11,"column":4}},"3":{"start":{"line":5,"column":4},"end":{"line":5,"column":71}},"4":{"start":{"line":5,"column":24},"end":{"line":5,"column":71}},"5":{"start":{"line":6,"column":4},"end":{"line":6,"column":73}},"6":{"start":{"line":6,"column":24},"end":{"line":6,"column":73}},"7":{"start":{"line":7,"column":4},"end":{"line":9,"column":5}},"8":{"start":{"line":8,"column":6},"end":{"line":8,"column":79}},"9":{"start":{"line":10,"column":4},"end":{"line":10,"column":55}},"10":{"start":{"line":13,"column":2},"end":{"line":13,"column":17}}},"fnMap":{"0":{"name":"(anonymous_0)","decl":{"start":{"line":1,"column":18},"end":{"line":1,"column":19}},"loc":{"start":{"line":1,"column":34},"end":{"line":14,"column":1}},"line":1},"1":{"name":"(anonymous_1)","decl":{"start":{"line":4,"column":28},"end":{"line":4,"column":29}},"loc":{"start":{"line":4,"column":37},"end":{"line":11,"column":3}},"line":4}},"branchMap":{"0":{"loc":{"start":{"line":5,"column":4},"end":{"line":5,"column":71}},"type":"if","locations":[{"start":{"line":5,"column":4},"end":{"line":5,"column":71}},{"start":{},"end":{}}],"line":5},"1":{"loc":{"start":{"line":6,"column":4},"end":{"line":6,"column":73}},"type":"if","locations":[{"start":{"line":6,"column":4},"end":{"line":6,"column":73}},{"start":{},"end":{}}],"line":6},"2":{"loc":{"start":{"line":7,"column":4},"end":{"line":9,"column":5}},"type":"if","locations":[{"start":{"line":7,"column":4},"end":{"line":9,"column":5}},{"start":{},"end":{}}],"line":7}},"s":{"0":1,"1":6,"2":6,"3":28,"4":4,"5":24,"6":8,"7":16,"8":4,"9":12,"10":6},"f":{"0":6,"1":28},"b":{"0":[4,24],"1":[8,16],"2":[4,12]},"_coverageSchema":"1a1c01bbd47fc00a2c39e90264f33305004495a9","hash":"af2b1153bcd65f722ef9fc5b1cdb604ddf0ab707"}
,"/home/aleksey/Документы/Hexlet/qa-auto-engineer-javascript-project-87/src/index.js": {"path":"/home/aleksey/Документы/Hexlet/qa-auto-engineer-javascript-project-87/src/index.js","statementMap":{"0":{"start":{"line":7,"column":16},"end":{"line":17,"column":1}},"1":{"start":{"line":8,"column":16},"end":{"line":8,"column":36}},"2":{"start":{"line":9,"column":16},"end":{"line":9,"column":36}},"3":{"start":{"line":10,"column":19},"end":{"line":10,"column":42}},"4":{"start":{"line":12,"column":2},"end":{"line":12,"column":52}},"5":{"start":{"line":12,"column":28},"end":{"line":12,"column":52}},"6":{"start":{"line":13,"column":2},"end":{"line":13,"column":48}},"7":{"start":{"line":13,"column":26},"end":{"line":13,"column":48}},"8":{"start":{"line":14,"column":2},"end":{"line":14,"column":46}},"9":{"start":{"line":14,"column":25},"end":{"line":14,"column":46}},"10":{"start":{"line":16,"column":2},"end":{"line":16,"column":46}}},"fnMap":{"0":{"name":"(anonymous_0)","decl":{"start":{"line":7,"column":16},"end":{"line":7,"column":17}},"loc":{"start":{"line":7,"column":62},"end":{"line":17,"column":1}},"line":7}},"branchMap":{"0":{"loc":{"start":{"line":7,"column":39},"end":{"line":7,"column":57}},"type":"default-arg","locations":[{"start":{"line":7,"column":48},"end":{"line":7,"column":57}}],"line":7},"1":{"loc":{"start":{"line":12,"column":2},"end":{"line":12,"column":52}},"type":"if","locations":[{"start":{"line":12,"column":2},"end":{"line":12,"column":52}},{"start":{},"end":{}}],"line":12},"2":{"loc":{"start":{"line":13,"column":2},"end":{"line":13,"column":48}},"type":"if","locations":[{"start":{"line":13,"column":2},"end":{"line":13,"column":48}},{"start":{},"end":{}}],"line":13},"3":{"loc":{"start":{"line":14,"column":2},"end":{"line":14,"column":46}},"type":"if","locations":[{"start":{"line":14,"column":2},"end":{"line":14,"column":46}},{"start":{},"end":{}}],"line":14}},"s":{"0":1,"1":6,"2":6,"3":6,"4":6,"5":4,"6":2,"7":1,"8":1,"9":1,"10":0},"f":{"0":6},"b":{"0":[4],"1":[4,2],"2":[1,1],"3":[1,0]},"_coverageSchema":"1a1c01bbd47fc00a2c39e90264f33305004495a9","hash":"0a7f4deb6b5ca686772f9ab0c1f980c9a59c1c63"}
,"/home/aleksey/Документы/Hexlet/qa-auto-engineer-javascript-project-87/src/parser.js": {"path":"/home/aleksey/Документы/Hexlet/qa-auto-engineer-javascript-project-87/src/parser.js","statementMap":{"0":{"start":{"line":5,"column":25},"end":{"line":13,"column":1}},"1":{"start":{"line":6,"column":14},"end":{"line":6,"column":36}},"2":{"start":{"line":7,"column":15},"end":{"line":7,"column":49}},"3":{"start":{"line":9,"column":2},"end":{"line":9,"column":46}},"4":{"start":{"line":9,"column":23},"end":{"line":9,"column":46}},"5":{"start":{"line":10,"column":2},"end":{"line":10,"column":63}},"6":{"start":{"line":10,"column":41},"end":{"line":10,"column":63}},"7":{"start":{"line":12,"column":2},"end":{"line":12,"column":52}}},"fnMap":{"0":{"name":"(anonymous_0)","decl":{"start":{"line":5,"column":25},"end":{"line":5,"column":26}},"loc":{"start":{"line":5,"column":39},"end":{"line":13,"column":1}},"line":5}},"branchMap":{"0":{"loc":{"start":{"line":9,"column":2},"end":{"line":9,"column":46}},"type":"if","locations":[{"start":{"line":9,"column":2},"end":{"line":9,"column":46}},{"start":{},"end":{}}],"line":9},"1":{"loc":{"start":{"line":10,"column":2},"end":{"line":10,"column":63}},"type":"if","locations":[{"start":{"line":10,"column":2},"end":{"line":10,"column":63}},{"start":{},"end":{}}],"line":10},"2":{"loc":{"start":{"line":10,"column":6},"end":{"line":10,"column":39}},"type":"binary-expr","locations":[{"start":{"line":10,"column":6},"end":{"line":10,"column":20}},{"start":{"line":10,"column":24},"end":{"line":10,"column":39}}],"line":10}},"s":{"0":1,"1":12,"2":12,"3":12,"4":6,"5":6,"6":6,"7":0},"f":{"0":12},"b":{"0":[6,6],"1":[6,0],"2":[6,0]},"_coverageSchema":"1a1c01bbd47fc00a2c39e90264f33305004495a9","hash":"b388f8e4eb792bc0a2e9ccdf452e52d0bd92022d"}
,"/home/aleksey/Документы/Hexlet/qa-auto-engineer-javascript-project-87/src/formatters/json.js": {"path":"/home/aleksey/Документы/Hexlet/qa-auto-engineer-javascript-project-87/src/formatters/json.js","statementMap":{"0":{"start":{"line":1,"column":13},"end":{"line":1,"column":58}},"1":{"start":{"line":1,"column":25},"end":{"line":1,"column":58}}},"fnMap":{"0":{"name":"(anonymous_0)","decl":{"start":{"line":1,"column":13},"end":{"line":1,"column":14}},"loc":{"start":{"line":1,"column":25},"end":{"line":1,"column":58}},"line":1}},"branchMap":{},"s":{"0":1,"1":1},"f":{"0":1},"b":{},"_coverageSchema":"1a1c01bbd47fc00a2c39e90264f33305004495a9","hash":"a6b819010d5ec95985b74c661d4b9a3bff2daf25"}
,"/home/aleksey/Документы/Hexlet/qa-auto-engineer-javascript-project-87/src/formatters/plain.js": {"path":"/home/aleksey/Документы/Hexlet/qa-auto-engineer-javascript-project-87/src/formatters/plain.js","statementMap":{"0":{"start":{"line":1,"column":20},"end":{"line":6,"column":1}},"1":{"start":{"line":2,"column":2},"end":{"line":2,"column":52}},"2":{"start":{"line":2,"column":33},"end":{"line":2,"column":52}},"3":{"start":{"line":3,"column":2},"end":{"line":3,"column":35}},"4":{"start":{"line":3,"column":22},"end":{"line":3,"column":35}},"5":{"start":{"line":4,"column":2},"end":{"line":4,"column":57}},"6":{"start":{"line":4,"column":33},"end":{"line":4,"column":57}},"7":{"start":{"line":5,"column":2},"end":{"line":5,"column":22}},"8":{"start":{"line":8,"column":14},"end":{"line":26,"column":1}},"9":{"start":{"line":9,"column":16},"end":{"line":23,"column":20}},"10":{"start":{"line":10,"column":21},"end":{"line":10,"column":29}},"11":{"start":{"line":11,"column":4},"end":{"line":22,"column":5}},"12":{"start":{"line":13,"column":8},"end":{"line":13,"column":88}},"13":{"start":{"line":15,"column":8},"end":{"line":15,"column":51}},"14":{"start":{"line":17,"column":8},"end":{"line":17,"column":120}},"15":{"start":{"line":19,"column":8},"end":{"line":19,"column":19}},"16":{"start":{"line":21,"column":8},"end":{"line":21,"column":19}},"17":{"start":{"line":25,"column":2},"end":{"line":25,"column":25}}},"fnMap":{"0":{"name":"(anonymous_0)","decl":{"start":{"line":1,"column":20},"end":{"line":1,"column":21}},"loc":{"start":{"line":1,"column":31},"end":{"line":6,"column":1}},"line":1},"1":{"name":"(anonymous_1)","decl":{"start":{"line":8,"column":14},"end":{"line":8,"column":15}},"loc":{"start":{"line":8,"column":28},"end":{"line":26,"column":1}},"line":8},"2":{"name":"(anonymous_2)","decl":{"start":{"line":9,"column":29},"end":{"line":9,"column":30}},"loc":{"start":{"line":9,"column":39},"end":{"line":23,"column":3}},"line":9}},"branchMap":{"0":{"loc":{"start":{"line":2,"column":2},"end":{"line":2,"column":52}},"type":"if","locations":[{"start":{"line":2,"column":2},"end":{"line":2,"column":52}},{"start":{},"end":{}}],"line":2},"1":{"loc":{"start":{"line":3,"column":2},"end":{"line":3,"column":35}},"type":"if","locations":[{"start":{"line":3,"column":2},"end":{"line":3,"column":35}},{"start":{},"end":{}}],"line":3},"2":{"loc":{"start":{"line":4,"column":2},"end":{"line":4,"column":57}},"type":"if","locations":[{"start":{"line":4,"column":2},"end":{"line":4,"column":57}},{"start":{},"end":{}}],"line":4},"3":{"loc":{"start":{"line":11,"column":4},"end":{"line":22,"column":5}},"type":"switch","locations":[{"start":{"line":12,"column":6},"end":{"line":13,"column":88}},{"start":{"line":14,"column":6},"end":{"line":15,"column":51}},{"start":{"line":16,"column":6},"end":{"line":17,"column":120}},{"start":{"line":18,"column":6},"end":{"line":19,"column":19}},{"start":{"line":20,"column":6},"end":{"line":21,"column":19}}],"line":11}},"s":{"0":1,"1":3,"2":0,"3":3,"4":0,"5":3,"6":0,"7":3,"8":1,"9":1,"10":5,"11":5,"12":1,"13":2,"14":1,"15":1,"16":0,"17":1},"f":{"0":3,"1":1,"2":5},"b":{"0":[0,3],"1":[0,3],"2":[0,3],"3":[1,2,1,1,0]},"_coverageSchema":"1a1c01bbd47fc00a2c39e90264f33305004495a9","hash":"cf05e69a0c2ffb6124b2ad3a2720474854249f65"}
,"/home/aleksey/Документы/Hexlet/qa-auto-engineer-javascript-project-87/src/formatters/stylish.js": {"path":"/home/aleksey/Документы/Hexlet/qa-auto-engineer-javascript-project-87/src/formatters/stylish.js","statementMap":{"0":{"start":{"line":1,"column":16},"end":{"line":13,"column":1}},"1":{"start":{"line":2,"column":16},"end":{"line":11,"column":4}},"2":{"start":{"line":3,"column":4},"end":{"line":10,"column":5}},"3":{"start":{"line":4,"column":20},"end":{"line":4,"column":59}},"4":{"start":{"line":5,"column":22},"end":{"line":5,"column":61}},"5":{"start":{"line":6,"column":24},"end":{"line":6,"column":63}},"6":{"start":{"line":8,"column":8},"end":{"line":8,"column":85}},"7":{"start":{"line":9,"column":15},"end":{"line":9,"column":24}},"8":{"start":{"line":12,"column":2},"end":{"line":12,"column":36}}},"fnMap":{"0":{"name":"(anonymous_0)","decl":{"start":{"line":1,"column":16},"end":{"line":1,"column":17}},"loc":{"start":{"line":1,"column":30},"end":{"line":13,"column":1}},"line":1},"1":{"name":"(anonymous_1)","decl":{"start":{"line":2,"column":29},"end":{"line":2,"column":30}},"loc":{"start":{"line":2,"column":39},"end":{"line":11,"column":3}},"line":2}},"branchMap":{"0":{"loc":{"start":{"line":3,"column":4},"end":{"line":10,"column":5}},"type":"switch","locations":[{"start":{"line":4,"column":6},"end":{"line":4,"column":59}},{"start":{"line":5,"column":6},"end":{"line":5,"column":61}},{"start":{"line":6,"column":6},"end":{"line":6,"column":63}},{"start":{"line":7,"column":6},"end":{"line":8,"column":85}},{"start":{"line":9,"column":6},"end":{"line":9,"column":24}}],"line":3}},"s":{"0":1,"1":4,"2":18,"3":2,"4":4,"5":10,"6":2,"7":0,"8":4},"f":{"0":4,"1":18},"b":{"0":[2,4,10,2,0]},"_coverageSchema":"1a1c01bbd47fc00a2c39e90264f33305004495a9","hash":"e872133c0cdcd9d1b57a1fb14feca55974638faa"}
}
