TN:
SF:src/diff.js
FN:1,(anonymous_0)
FN:4,(anonymous_1)
FNF:2
FNH:2
FNDA:6,(anonymous_0)
FNDA:28,(anonymous_1)
DA:1,1
DA:2,6
DA:4,6
DA:5,28
DA:6,24
DA:7,16
DA:8,4
DA:10,12
DA:13,6
LF:9
LH:9
BRDA:5,0,0,4
BRDA:5,0,1,24
BRDA:6,1,0,8
BRDA:6,1,1,16
BRDA:7,2,0,4
BRDA:7,2,1,12
BRF:6
BRH:6
end_of_record
TN:
SF:src/index.js
FN:7,(anonymous_0)
FNF:1
FNH:1
FNDA:6,(anonymous_0)
DA:7,1
DA:8,6
DA:9,6
DA:10,6
DA:12,6
DA:13,2
DA:14,1
DA:16,0
LF:8
LH:7
BRDA:7,0,0,4
BRDA:12,1,0,4
BRDA:12,1,1,2
BRDA:13,2,0,1
BRDA:13,2,1,1
BRDA:14,3,0,1
BRDA:14,3,1,0
BRF:7
BRH:6
end_of_record
TN:
SF:src/parser.js
FN:5,(anonymous_0)
FNF:1
FNH:1
FNDA:12,(anonymous_0)
DA:5,1
DA:6,12
DA:7,12
DA:9,12
DA:10,6
DA:12,0
LF:6
LH:5
BRDA:9,0,0,6
BRDA:9,0,1,6
BRDA:10,1,0,6
BRDA:10,1,1,0
BRDA:10,2,0,6
BRDA:10,2,1,0
BRF:6
BRH:4
end_of_record
TN:
SF:src/formatters/json.js
FN:1,(anonymous_0)
FNF:1
FNH:1
FNDA:1,(anonymous_0)
DA:1,1
LF:1
LH:1
BRF:0
BRH:0
end_of_record
TN:
SF:src/formatters/plain.js
FN:1,(anonymous_0)
FN:8,(anonymous_1)
FN:9,(anonymous_2)
FNF:3
FNH:3
FNDA:3,(anonymous_0)
FNDA:1,(anonymous_1)
FNDA:5,(anonymous_2)
DA:1,1
DA:2,3
DA:3,3
DA:4,3
DA:5,3
DA:8,1
DA:9,1
DA:10,5
DA:11,5
DA:13,1
DA:15,2
DA:17,1
DA:19,1
DA:21,0
DA:25,1
LF:15
LH:14
BRDA:2,0,0,0
BRDA:2,0,1,3
BRDA:3,1,0,0
BRDA:3,1,1,3
BRDA:4,2,0,0
BRDA:4,2,1,3
BRDA:11,3,0,1
BRDA:11,3,1,2
BRDA:11,3,2,1
BRDA:11,3,3,1
BRDA:11,3,4,0
BRF:11
BRH:7
end_of_record
TN:
SF:src/formatters/stylish.js
FN:1,(anonymous_0)
FN:2,(anonymous_1)
FNF:2
FNH:2
FNDA:4,(anonymous_0)
FNDA:18,(anonymous_1)
DA:1,1
DA:2,4
DA:3,18
DA:4,2
DA:5,4
DA:6,10
DA:8,2
DA:9,0
DA:12,4
LF:9
LH:8
BRDA:3,0,0,2
BRDA:3,0,1,4
BRDA:3,0,2,10
BRDA:3,0,3,2
BRDA:3,0,4,0
BRF:5
BRH:4
end_of_record
